<?xml version="1.0" encoding="UTF-8"?>
<testsuites name="Employee_data_02" time="87" tests="2" failures="0" errors="0">
   <testsuite name="Employee_data_02" tests="2" failures="0" errors="0" time="87" timestamp="2019-02-20 12:57:39" hostname="sambhavi - sambhavi.jmangroup.com" id="Test Suites/Configuration_01/Employee_data_02">
      <properties>
         <property name="deviceName" value=""/>
         <property name="devicePlatform" value=""/>
         <property name="logFolder" value="C:\\Users\\sambhavi\\Katalon Studio\\Thor\\Reports\\Configuration_01\\Employee_data_02\\20190220_125737"/>
         <property name="logFiles" value="C:\\Users\\sambhavi\\Katalon Studio\\Thor\\Reports\\Configuration_01\\Employee_data_02\\20190220_125737\\execution0.log"/>
         <property name="attachments" value=""/>
         <property name="hostName" value="sambhavi - sambhavi.jmangroup.com"/>
         <property name="os" value="Windows 10 64bit"/>
         <property name="katalonVersion" value="5.8.4.14"/>
         <property name="browser" value="Chrome 72.0.3626.109"/>
         <property name="hostAddress" value="192.168.0.185"/>
         <property name="sessionId" value="5e13957ef20f3b376e40af2c92aaf302"/>
         <property name="seleniumVersion" value="3.7.1"/>
         <property name="proxyInformation" value="ProxyInformation{proxyOption=NO_PROXY, proxyServerType=HTTP, password=, proxyServerAddress=, proxyServerPort=0}"/>
         <property name="platform" value="Windows 10"/>
      </properties>
      <testcase name="Test Cases/Login_page_info/Login_valid_info_1" classname="Test Cases/Login_page_info/Login_valid_info_1" status="PASSED">
         <system-out><![CDATA[2019-02-20 12:57:40 - [TEST_CASE][PASSED] - Test Cases/Login_page_info/Login_valid_info_1: Test Cases/Login_page_info/Login_valid_info_1

2019-02-20 12:57:40 - [TEST_STEP][PASSED] - comment: Login to Thor with Valid Credentials

2019-02-20 12:57:40 - [TEST_STEP][PASSED] - openBrowser: Browser is opened with url: ''

2019-02-20 12:57:45 - [MESSAGE][PASSED] - Browser is opened with url: ''

2019-02-20 12:57:45 - [TEST_STEP][PASSED] - navigateToUrl: Navigate to 'https://staging.mythortal.com/' successfully

2019-02-20 12:57:53 - [MESSAGE][PASSED] - Navigate to 'https://staging.mythortal.com/' successfully

2019-02-20 12:57:53 - [TEST_STEP][PASSED] - setText: Text 'nick' is set on object 'Object Repository/Login_page_info/Login_valid_info_1/Page_THORtal - Login/input_Login_username'

2019-02-20 12:57:53 - [MESSAGE][PASSED] - Text 'nick' is set on object 'Object Repository/Login_page_info/Login_valid_info_1/Page_THORtal - Login/input_Login_username'

2019-02-20 12:57:53 - [TEST_STEP][PASSED] - setEncryptedText: Text ****** has been set on object 'Object Repository/Login_page_info/Login_valid_info_1/Page_THORtal - Login/input_Login_password'

2019-02-20 12:57:54 - [MESSAGE][PASSED] - Text ****** has been set on object 'Object Repository/Login_page_info/Login_valid_info_1/Page_THORtal - Login/input_Login_password'

2019-02-20 12:57:54 - [TEST_STEP][PASSED] - click: Object: 'Object Repository/Login_page_info/Login_valid_info_1/Page_THORtal - Login/button_Login' is clicked on

2019-02-20 12:57:58 - [MESSAGE][PASSED] - Object: 'Object Repository/Login_page_info/Login_valid_info_1/Page_THORtal - Login/button_Login' is clicked on

2019-02-20 12:57:58 - [TEST_STEP][PASSED] - verifyElementPresent: Object 'Object Repository/Login_page_info/Login_valid_info_1/Page_THORtal - Login/dash' is present

2019-02-20 12:57:58 - [MESSAGE][WARNING] - Timeout '0' is invalid. Using default page load timeout: '30'

2019-02-20 12:57:58 - [MESSAGE][PASSED] - Object 'Object Repository/Login_page_info/Login_valid_info_1/Page_THORtal - Login/dash' is present]]></system-out>
         <system-err><![CDATA[]]></system-err>
      </testcase>
      <testcase name="Test Cases/Configuration_info/eemployee_data_02" classname="Test Cases/Configuration_info/eemployee_data_02" status="PASSED">
         <system-out><![CDATA[2019-02-20 12:57:58 - [TEST_CASE][PASSED] - Test Cases/Configuration_info/eemployee_data_02: Test Cases/Configuration_info/eemployee_data_02

2019-02-20 12:57:59 - [TEST_STEP][PASSED] - openBrowser: Browser is opened with url: ''

2019-02-20 12:57:59 - [MESSAGE][WARNING] - A browser is already opened. Closing browser and opening a new one

2019-02-20 12:58:03 - [MESSAGE][PASSED] - Browser is opened with url: ''

2019-02-20 12:58:03 - [TEST_STEP][PASSED] - navigateToUrl: Navigate to 'https://staging.mythortal.com/' successfully

2019-02-20 12:58:07 - [MESSAGE][PASSED] - Navigate to 'https://staging.mythortal.com/' successfully

2019-02-20 12:58:07 - [TEST_STEP][PASSED] - setText: Text 'nick' is set on object 'Object Repository/Configuration_Info/employee_data_02/Page_THORtal - Login/input_Login_username'

2019-02-20 12:58:07 - [MESSAGE][PASSED] - Text 'nick' is set on object 'Object Repository/Configuration_Info/employee_data_02/Page_THORtal - Login/input_Login_username'

2019-02-20 12:58:07 - [TEST_STEP][PASSED] - setEncryptedText: Text ****** has been set on object 'Object Repository/Configuration_Info/Employee_data_01/Page_THORtal - Login/input_Login_password'

2019-02-20 12:58:07 - [MESSAGE][PASSED] - Text ****** has been set on object 'Object Repository/Configuration_Info/Employee_data_01/Page_THORtal - Login/input_Login_password'

2019-02-20 12:58:07 - [TEST_STEP][PASSED] - click: Object: 'Object Repository/Configuration_Info/employee_data_02/Page_THORtal - Login/button_Login' is clicked on

2019-02-20 12:58:11 - [MESSAGE][PASSED] - Object: 'Object Repository/Configuration_Info/employee_data_02/Page_THORtal - Login/button_Login' is clicked on

2019-02-20 12:58:11 - [TEST_STEP][PASSED] - click: Object: 'Object Repository/Configuration_Info/employee_data_02/new edit2/Page_Thor/div_Configuration' is clicked on

2019-02-20 12:58:13 - [MESSAGE][PASSED] - Object: 'Object Repository/Configuration_Info/employee_data_02/new edit2/Page_Thor/div_Configuration' is clicked on

2019-02-20 12:58:13 - [TEST_STEP][PASSED] - Statement - For ([i = 1, i <= com.kms.katalon.core.testdata.TestDataFactory.findTestData(Configuration_Info/employee-data_02).getRowNumbers(), (i++)]): Delayed 5 second(s)

2019-02-20 12:58:13 - [TEST_STEP][PASSED] - setText: Text 'one' is set on object 'Object Repository/Configuration_Info/employee_data_02/new edit2/Page_Thor/input_Search_form-control inpu'

2019-02-20 12:58:13 - [MESSAGE][PASSED] - Text 'one' is set on object 'Object Repository/Configuration_Info/employee_data_02/new edit2/Page_Thor/input_Search_form-control inpu'

2019-02-20 12:58:13 - [TEST_STEP][PASSED] - delay: Delayed 5 second(s)

2019-02-20 12:58:18 - [MESSAGE][PASSED] - Delayed 5 second(s)

2019-02-20 12:58:18 - [TEST_STEP][PASSED] - click: Object: 'Object Repository/Configuration_Info/employee_data_02/new edit2/Page_Thor/span_TC LTD_checkbox_employee' is clicked on

2019-02-20 12:58:18 - [MESSAGE][PASSED] - Object: 'Object Repository/Configuration_Info/employee_data_02/new edit2/Page_Thor/span_TC LTD_checkbox_employee' is clicked on

2019-02-20 12:58:18 - [TEST_STEP][PASSED] - delay: Delayed 5 second(s)

2019-02-20 12:58:23 - [MESSAGE][PASSED] - Delayed 5 second(s)

2019-02-20 12:58:23 - [TEST_STEP][PASSED] - setText: Text 'Onlyone' is set on object 'Object Repository/Configuration_Info/employee_data_02/new edit2/Page_Thor/input__first_name'

2019-02-20 12:58:24 - [MESSAGE][PASSED] - Text 'Onlyone' is set on object 'Object Repository/Configuration_Info/employee_data_02/new edit2/Page_Thor/input__first_name'

2019-02-20 12:58:24 - [TEST_STEP][PASSED] - selectOptionByValue: All options with value 'Associate' are selected in object 'Object Repository/Configuration_Info/employee_data_02/new edit2/Page_Thor/select_--- Please Select  ---'  using regular expression

2019-02-20 12:58:24 - [MESSAGE][PASSED] - All options with value 'Associate' are selected in object 'Object Repository/Configuration_Info/employee_data_02/new edit2/Page_Thor/select_--- Please Select  ---'  using regular expression

2019-02-20 12:58:24 - [TEST_STEP][PASSED] - delay: Delayed 5 second(s)

2019-02-20 12:58:29 - [MESSAGE][PASSED] - Delayed 5 second(s)

2019-02-20 12:58:29 - [TEST_STEP][PASSED] - click: Object: 'Object Repository/Configuration_Info/employee_data_02/new edit2/Page_Thor/label_in-active' is clicked on

2019-02-20 12:58:29 - [MESSAGE][PASSED] - Object: 'Object Repository/Configuration_Info/employee_data_02/new edit2/Page_Thor/label_in-active' is clicked on

2019-02-20 12:58:29 - [TEST_STEP][PASSED] - delay: Delayed 5 second(s)

2019-02-20 12:58:34 - [MESSAGE][PASSED] - Delayed 5 second(s)

2019-02-20 12:58:34 - [TEST_STEP][PASSED] - click: Object: 'Object Repository/Configuration_Info/employee_data_02/new edit2/Page_Thor/button_Update' is clicked on

2019-02-20 12:58:34 - [MESSAGE][PASSED] - Object: 'Object Repository/Configuration_Info/employee_data_02/new edit2/Page_Thor/button_Update' is clicked on

2019-02-20 12:58:34 - [TEST_STEP][PASSED] - delay: Delayed 5 second(s)

2019-02-20 12:58:39 - [MESSAGE][PASSED] - Delayed 5 second(s)

2019-02-20 12:58:39 - [TEST_STEP][PASSED] - setText: Text '' is set on object 'Object Repository/Configuration_Info/employee_data_02/new edit2/Page_Thor/input_Search_form-control inpu'

2019-02-20 12:58:40 - [MESSAGE][PASSED] - Text '' is set on object 'Object Repository/Configuration_Info/employee_data_02/new edit2/Page_Thor/input_Search_form-control inpu'

2019-02-20 12:58:40 - [TEST_STEP][PASSED] - delay: Delayed 5 second(s)

2019-02-20 12:58:45 - [MESSAGE][PASSED] - Delayed 5 second(s)

2019-02-20 12:58:45 - [TEST_STEP][PASSED] - click: Object: 'Object Repository/Configuration_Info/employee_data_02/new edit2/Page_Thor/span_TC LTD_checkbox_employee' is clicked on

2019-02-20 12:58:45 - [MESSAGE][PASSED] - Object: 'Object Repository/Configuration_Info/employee_data_02/new edit2/Page_Thor/span_TC LTD_checkbox_employee' is clicked on

2019-02-20 12:58:45 - [TEST_STEP][PASSED] - delay: Delayed 5 second(s)

2019-02-20 12:58:50 - [MESSAGE][PASSED] - Delayed 5 second(s)

2019-02-20 12:58:50 - [TEST_STEP][PASSED] - setText: Text '' is set on object 'Object Repository/Configuration_Info/employee_data_02/new edit2/Page_Thor/input__first_name'

2019-02-20 12:58:50 - [MESSAGE][PASSED] - Text '' is set on object 'Object Repository/Configuration_Info/employee_data_02/new edit2/Page_Thor/input__first_name'

2019-02-20 12:58:50 - [TEST_STEP][PASSED] - selectOptionByValue: All options with value '' are selected in object 'Object Repository/Configuration_Info/employee_data_02/new edit2/Page_Thor/select_--- Please Select  ---'  using regular expression

2019-02-20 12:58:50 - [MESSAGE][PASSED] - All options with value '' are selected in object 'Object Repository/Configuration_Info/employee_data_02/new edit2/Page_Thor/select_--- Please Select  ---'  using regular expression

2019-02-20 12:58:50 - [TEST_STEP][PASSED] - delay: Delayed 5 second(s)

2019-02-20 12:58:55 - [MESSAGE][PASSED] - Delayed 5 second(s)

2019-02-20 12:58:55 - [TEST_STEP][PASSED] - click: Object: 'Object Repository/Configuration_Info/employee_data_02/new edit2/Page_Thor/label_in-active' is clicked on

2019-02-20 12:58:55 - [MESSAGE][PASSED] - Object: 'Object Repository/Configuration_Info/employee_data_02/new edit2/Page_Thor/label_in-active' is clicked on

2019-02-20 12:58:55 - [TEST_STEP][PASSED] - delay: Delayed 5 second(s)

2019-02-20 12:59:00 - [MESSAGE][PASSED] - Delayed 5 second(s)

2019-02-20 12:59:00 - [TEST_STEP][PASSED] - click: Object: 'Object Repository/Configuration_Info/employee_data_02/new edit2/Page_Thor/button_Update' is clicked on

2019-02-20 12:59:00 - [MESSAGE][PASSED] - Object: 'Object Repository/Configuration_Info/employee_data_02/new edit2/Page_Thor/button_Update' is clicked on

2019-02-20 12:59:00 - [TEST_STEP][PASSED] - delay: Delayed 5 second(s)

2019-02-20 12:59:05 - [MESSAGE][PASSED] - Delayed 5 second(s)]]></system-out>
         <system-err><![CDATA[]]></system-err>
      </testcase>
      <system-out><![CDATA[2019-02-20 12:57:39 - [TEST_SUITE][PASSED] - Employee_data_02: Test Cases/Configuration_info/eemployee_data_02]]></system-out>
      <system-err><![CDATA[]]></system-err>
   </testsuite>
</testsuites>
