<?xml version="1.0" encoding="UTF-8"?>
<testsuites name="Employee_data_01" time="71" tests="2" failures="0" errors="0">
   <testsuite name="Employee_data_01" tests="2" failures="0" errors="0" time="71" timestamp="2019-02-19 13:02:18" hostname="sambhavi - sambhavi.jmangroup.com" id="Test Suites/Configuration_01/Employee_data_01">
      <properties>
         <property name="deviceName" value=""/>
         <property name="devicePlatform" value=""/>
         <property name="logFolder" value="C:\\Users\\sambhavi\\Katalon Studio\\Thor\\Reports\\Configuration_01\\Employee_data_01\\20190219_130216"/>
         <property name="logFiles" value="C:\\Users\\sambhavi\\Katalon Studio\\Thor\\Reports\\Configuration_01\\Employee_data_01\\20190219_130216\\execution0.log"/>
         <property name="attachments" value=""/>
         <property name="hostName" value="sambhavi - sambhavi.jmangroup.com"/>
         <property name="os" value="Windows 10 64bit"/>
         <property name="katalonVersion" value="5.8.4.14"/>
         <property name="browser" value="Chrome 72.0.3626.109"/>
         <property name="hostAddress" value="192.168.0.185"/>
         <property name="sessionId" value="7a66bfd496c7af636fe280b6e6251b3a"/>
         <property name="seleniumVersion" value="3.7.1"/>
         <property name="proxyInformation" value="ProxyInformation{proxyOption=NO_PROXY, proxyServerType=HTTP, password=, proxyServerAddress=, proxyServerPort=0}"/>
         <property name="platform" value="Windows 10"/>
      </properties>
      <testcase name="Test Cases/Login_page_info/Login_valid_info_1" classname="Test Cases/Login_page_info/Login_valid_info_1" status="PASSED">
         <system-out><![CDATA[2019-02-19 13:02:19 - [TEST_CASE][PASSED] - Test Cases/Login_page_info/Login_valid_info_1: Test Cases/Login_page_info/Login_valid_info_1

2019-02-19 13:02:19 - [TEST_STEP][PASSED] - comment: Login to Thor with Valid Credentials

2019-02-19 13:02:19 - [TEST_STEP][PASSED] - openBrowser: Browser is opened with url: ''

2019-02-19 13:02:25 - [MESSAGE][PASSED] - Browser is opened with url: ''

2019-02-19 13:02:25 - [TEST_STEP][PASSED] - navigateToUrl: Navigate to 'https://staging.mythortal.com/' successfully

2019-02-19 13:02:28 - [MESSAGE][PASSED] - Navigate to 'https://staging.mythortal.com/' successfully

2019-02-19 13:02:28 - [TEST_STEP][PASSED] - setText: Text 'nick' is set on object 'Object Repository/Login_page_info/Login_valid_info_1/Page_THORtal - Login/input_Login_username'

2019-02-19 13:02:28 - [MESSAGE][PASSED] - Text 'nick' is set on object 'Object Repository/Login_page_info/Login_valid_info_1/Page_THORtal - Login/input_Login_username'

2019-02-19 13:02:28 - [TEST_STEP][PASSED] - setEncryptedText: Text ****** has been set on object 'Object Repository/Login_page_info/Login_valid_info_1/Page_THORtal - Login/input_Login_password'

2019-02-19 13:02:28 - [MESSAGE][PASSED] - Text ****** has been set on object 'Object Repository/Login_page_info/Login_valid_info_1/Page_THORtal - Login/input_Login_password'

2019-02-19 13:02:28 - [TEST_STEP][PASSED] - click: Object: 'Object Repository/Login_page_info/Login_valid_info_1/Page_THORtal - Login/button_Login' is clicked on

2019-02-19 13:02:32 - [MESSAGE][PASSED] - Object: 'Object Repository/Login_page_info/Login_valid_info_1/Page_THORtal - Login/button_Login' is clicked on

2019-02-19 13:02:32 - [TEST_STEP][PASSED] - verifyElementPresent: Object 'Object Repository/Login_page_info/Login_valid_info_1/Page_THORtal - Login/dash' is present

2019-02-19 13:02:32 - [MESSAGE][WARNING] - Timeout '0' is invalid. Using default page load timeout: '30'

2019-02-19 13:02:32 - [MESSAGE][PASSED] - Object 'Object Repository/Login_page_info/Login_valid_info_1/Page_THORtal - Login/dash' is present]]></system-out>
         <system-err><![CDATA[]]></system-err>
      </testcase>
      <testcase name="Test Cases/Configuration_info/Employee_data_01" classname="Test Cases/Configuration_info/Employee_data_01" status="PASSED">
         <system-out><![CDATA[2019-02-19 13:02:32 - [TEST_CASE][PASSED] - Test Cases/Configuration_info/Employee_data_01: Test Cases/Configuration_info/Employee_data_01

2019-02-19 13:02:33 - [TEST_STEP][PASSED] - click: Object: 'Object Repository/Employee_data_01/Page_Thor/div_Configuration' is clicked on

2019-02-19 13:02:33 - [MESSAGE][PASSED] - Object: 'Object Repository/Employee_data_01/Page_Thor/div_Configuration' is clicked on

2019-02-19 13:02:33 - [TEST_STEP][PASSED] - delay: Delayed 5 second(s)

2019-02-19 13:02:38 - [MESSAGE][PASSED] - Delayed 5 second(s)

2019-02-19 13:02:38 - [TEST_STEP][PASSED] - Statement - For ([i = 1, i <= com.kms.katalon.core.testdata.TestDataFactory.findTestData(Employee-data_01).getRowNumbers(), (i++)]): Delayed 5 second(s)

2019-02-19 13:02:39 - [TEST_STEP][PASSED] - click: Object: 'Object Repository/Employee_data_01/Page_Thor/button_New' is clicked on

2019-02-19 13:02:39 - [MESSAGE][PASSED] - Object: 'Object Repository/Employee_data_01/Page_Thor/button_New' is clicked on

2019-02-19 13:02:39 - [TEST_STEP][PASSED] - delay: Delayed 5 second(s)

2019-02-19 13:02:44 - [MESSAGE][PASSED] - Delayed 5 second(s)

2019-02-19 13:02:44 - [TEST_STEP][PASSED] - setText: Text 'Williams4' is set on object 'Object Repository/Employee_data_01/Page_Thor/input__first_name'

2019-02-19 13:02:44 - [MESSAGE][PASSED] - Text 'Williams4' is set on object 'Object Repository/Employee_data_01/Page_Thor/input__first_name'

2019-02-19 13:02:44 - [TEST_STEP][PASSED] - setText: Text 'w4' is set on object 'Object Repository/Employee_data_01/Page_Thor/input__last_name'

2019-02-19 13:02:44 - [MESSAGE][PASSED] - Text 'w4' is set on object 'Object Repository/Employee_data_01/Page_Thor/input__last_name'

2019-02-19 13:02:44 - [TEST_STEP][PASSED] - setText: Text 'qwe' is set on object 'Object Repository/Employee_data_01/Page_Thor/input__emp_code'

2019-02-19 13:02:44 - [MESSAGE][PASSED] - Text 'qwe' is set on object 'Object Repository/Employee_data_01/Page_Thor/input__emp_code'

2019-02-19 13:02:44 - [TEST_STEP][PASSED] - setText: Text 'Williams4' is set on object 'Object Repository/Employee_data_01/Page_Thor/input__user_name'

2019-02-19 13:02:44 - [MESSAGE][PASSED] - Text 'Williams4' is set on object 'Object Repository/Employee_data_01/Page_Thor/input__user_name'

2019-02-19 13:02:44 - [TEST_STEP][PASSED] - delay: Delayed 5 second(s)

2019-02-19 13:02:49 - [MESSAGE][PASSED] - Delayed 5 second(s)

2019-02-19 13:02:49 - [TEST_STEP][PASSED] - setEncryptedText: Text ****** has been set on object 'Object Repository/Employee_data_01/Page_Thor/input__password'

2019-02-19 13:02:49 - [MESSAGE][PASSED] - Text ****** has been set on object 'Object Repository/Employee_data_01/Page_Thor/input__password'

2019-02-19 13:02:49 - [TEST_STEP][PASSED] - selectOptionByValue: All options with value 'Admin' are selected in object 'Object Repository/Employee_data_01/Page_Thor/select_--- Please Select  ---'  using regular expression

2019-02-19 13:02:50 - [MESSAGE][PASSED] - All options with value 'Admin' are selected in object 'Object Repository/Employee_data_01/Page_Thor/select_--- Please Select  ---'  using regular expression

2019-02-19 13:02:50 - [TEST_STEP][PASSED] - selectOptionByValue: All options with value 'TC LTD' are selected in object 'Object Repository/Employee_data_01/Page_Thor/select_--- Please Select  --- _1'  using regular expression

2019-02-19 13:02:50 - [MESSAGE][PASSED] - All options with value 'TC LTD' are selected in object 'Object Repository/Employee_data_01/Page_Thor/select_--- Please Select  --- _1'  using regular expression

2019-02-19 13:02:50 - [TEST_STEP][PASSED] - click: Object: 'Object Repository/Employee_data_01/Page_Thor/span_All' is clicked on

2019-02-19 13:02:50 - [MESSAGE][PASSED] - Object: 'Object Repository/Employee_data_01/Page_Thor/span_All' is clicked on

2019-02-19 13:02:50 - [TEST_STEP][PASSED] - click: Object: 'Object Repository/Employee_data_01/Page_Thor/input' is clicked on

2019-02-19 13:02:50 - [MESSAGE][PASSED] - Object: 'Object Repository/Employee_data_01/Page_Thor/input' is clicked on

2019-02-19 13:02:50 - [TEST_STEP][PASSED] - click: Object: 'Object Repository/Employee_data_01/Page_Thor/click' is clicked on

2019-02-19 13:02:50 - [MESSAGE][PASSED] - Object: 'Object Repository/Employee_data_01/Page_Thor/click' is clicked on

2019-02-19 13:02:50 - [TEST_STEP][PASSED] - click: Object: 'Object Repository/Employee_data_01/Page_Thor/savce' is clicked on

2019-02-19 13:02:50 - [MESSAGE][PASSED] - Object: 'Object Repository/Employee_data_01/Page_Thor/savce' is clicked on

2019-02-19 13:02:50 - [TEST_STEP][PASSED] - setText: Text 'qwe' is set on object 'Object Repository/Employee_data_01/Page_Thor/input_Search_form-control inpu'

2019-02-19 13:02:51 - [MESSAGE][PASSED] - Text 'qwe' is set on object 'Object Repository/Employee_data_01/Page_Thor/input_Search_form-control inpu'

2019-02-19 13:02:51 - [TEST_STEP][PASSED] - delay: Delayed 5 second(s)

2019-02-19 13:02:56 - [MESSAGE][PASSED] - Delayed 5 second(s)

2019-02-19 13:02:56 - [TEST_STEP][PASSED] - click: Object: 'Object Repository/Employee_data_01/Page_Thor/button_New' is clicked on

2019-02-19 13:02:56 - [MESSAGE][PASSED] - Object: 'Object Repository/Employee_data_01/Page_Thor/button_New' is clicked on

2019-02-19 13:02:56 - [TEST_STEP][PASSED] - delay: Delayed 5 second(s)

2019-02-19 13:03:01 - [MESSAGE][PASSED] - Delayed 5 second(s)

2019-02-19 13:03:01 - [TEST_STEP][PASSED] - setText: Text 'Albert1' is set on object 'Object Repository/Employee_data_01/Page_Thor/input__first_name'

2019-02-19 13:03:01 - [MESSAGE][PASSED] - Text 'Albert1' is set on object 'Object Repository/Employee_data_01/Page_Thor/input__first_name'

2019-02-19 13:03:01 - [TEST_STEP][PASSED] - setText: Text 'A1' is set on object 'Object Repository/Employee_data_01/Page_Thor/input__last_name'

2019-02-19 13:03:01 - [MESSAGE][PASSED] - Text 'A1' is set on object 'Object Repository/Employee_data_01/Page_Thor/input__last_name'

2019-02-19 13:03:01 - [TEST_STEP][PASSED] - setText: Text 'weq' is set on object 'Object Repository/Employee_data_01/Page_Thor/input__emp_code'

2019-02-19 13:03:01 - [MESSAGE][PASSED] - Text 'weq' is set on object 'Object Repository/Employee_data_01/Page_Thor/input__emp_code'

2019-02-19 13:03:01 - [TEST_STEP][PASSED] - setText: Text 'Albert A1' is set on object 'Object Repository/Employee_data_01/Page_Thor/input__user_name'

2019-02-19 13:03:01 - [MESSAGE][PASSED] - Text 'Albert A1' is set on object 'Object Repository/Employee_data_01/Page_Thor/input__user_name'

2019-02-19 13:03:01 - [TEST_STEP][PASSED] - delay: Delayed 5 second(s)

2019-02-19 13:03:06 - [MESSAGE][PASSED] - Delayed 5 second(s)

2019-02-19 13:03:06 - [TEST_STEP][PASSED] - setEncryptedText: Text ****** has been set on object 'Object Repository/Employee_data_01/Page_Thor/input__password'

2019-02-19 13:03:07 - [MESSAGE][PASSED] - Text ****** has been set on object 'Object Repository/Employee_data_01/Page_Thor/input__password'

2019-02-19 13:03:07 - [TEST_STEP][PASSED] - selectOptionByValue: All options with value 'Resourcer' are selected in object 'Object Repository/Employee_data_01/Page_Thor/select_--- Please Select  ---'  using regular expression

2019-02-19 13:03:07 - [MESSAGE][PASSED] - All options with value 'Resourcer' are selected in object 'Object Repository/Employee_data_01/Page_Thor/select_--- Please Select  ---'  using regular expression

2019-02-19 13:03:07 - [TEST_STEP][PASSED] - selectOptionByValue: All options with value 'TLS Ltd' are selected in object 'Object Repository/Employee_data_01/Page_Thor/select_--- Please Select  --- _1'  using regular expression

2019-02-19 13:03:07 - [MESSAGE][PASSED] - All options with value 'TLS Ltd' are selected in object 'Object Repository/Employee_data_01/Page_Thor/select_--- Please Select  --- _1'  using regular expression

2019-02-19 13:03:07 - [TEST_STEP][PASSED] - click: Object: 'Object Repository/Employee_data_01/Page_Thor/span_All' is clicked on

2019-02-19 13:03:07 - [MESSAGE][PASSED] - Object: 'Object Repository/Employee_data_01/Page_Thor/span_All' is clicked on

2019-02-19 13:03:07 - [TEST_STEP][PASSED] - click: Object: 'Object Repository/Employee_data_01/Page_Thor/input' is clicked on

2019-02-19 13:03:07 - [MESSAGE][PASSED] - Object: 'Object Repository/Employee_data_01/Page_Thor/input' is clicked on

2019-02-19 13:03:07 - [TEST_STEP][PASSED] - click: Object: 'Object Repository/Employee_data_01/Page_Thor/click' is clicked on

2019-02-19 13:03:07 - [MESSAGE][PASSED] - Object: 'Object Repository/Employee_data_01/Page_Thor/click' is clicked on

2019-02-19 13:03:07 - [TEST_STEP][PASSED] - click: Object: 'Object Repository/Employee_data_01/Page_Thor/savce' is clicked on

2019-02-19 13:03:07 - [MESSAGE][PASSED] - Object: 'Object Repository/Employee_data_01/Page_Thor/savce' is clicked on

2019-02-19 13:03:07 - [TEST_STEP][PASSED] - setText: Text 'weq' is set on object 'Object Repository/Employee_data_01/Page_Thor/input_Search_form-control inpu'

2019-02-19 13:03:07 - [MESSAGE][PASSED] - Text 'weq' is set on object 'Object Repository/Employee_data_01/Page_Thor/input_Search_form-control inpu'

2019-02-19 13:03:07 - [TEST_STEP][PASSED] - delay: Delayed 5 second(s)

2019-02-19 13:03:12 - [MESSAGE][PASSED] - Delayed 5 second(s)

2019-02-19 13:03:12 - [TEST_STEP][PASSED] - click: Object: 'Object Repository/Employee_data_01/Page_Thor/button_New' is clicked on

2019-02-19 13:03:13 - [MESSAGE][PASSED] - Object: 'Object Repository/Employee_data_01/Page_Thor/button_New' is clicked on

2019-02-19 13:03:13 - [TEST_STEP][PASSED] - delay: Delayed 5 second(s)

2019-02-19 13:03:18 - [MESSAGE][PASSED] - Delayed 5 second(s)

2019-02-19 13:03:18 - [TEST_STEP][PASSED] - setText: Text 'Hary1' is set on object 'Object Repository/Employee_data_01/Page_Thor/input__first_name'

2019-02-19 13:03:18 - [MESSAGE][PASSED] - Text 'Hary1' is set on object 'Object Repository/Employee_data_01/Page_Thor/input__first_name'

2019-02-19 13:03:18 - [TEST_STEP][PASSED] - setText: Text 'H1' is set on object 'Object Repository/Employee_data_01/Page_Thor/input__last_name'

2019-02-19 13:03:18 - [MESSAGE][PASSED] - Text 'H1' is set on object 'Object Repository/Employee_data_01/Page_Thor/input__last_name'

2019-02-19 13:03:18 - [TEST_STEP][PASSED] - setText: Text 'DSe' is set on object 'Object Repository/Employee_data_01/Page_Thor/input__emp_code'

2019-02-19 13:03:18 - [MESSAGE][PASSED] - Text 'DSe' is set on object 'Object Repository/Employee_data_01/Page_Thor/input__emp_code'

2019-02-19 13:03:18 - [TEST_STEP][PASSED] - setText: Text 'Hary H1' is set on object 'Object Repository/Employee_data_01/Page_Thor/input__user_name'

2019-02-19 13:03:18 - [MESSAGE][PASSED] - Text 'Hary H1' is set on object 'Object Repository/Employee_data_01/Page_Thor/input__user_name'

2019-02-19 13:03:18 - [TEST_STEP][PASSED] - delay: Delayed 5 second(s)

2019-02-19 13:03:23 - [MESSAGE][PASSED] - Delayed 5 second(s)

2019-02-19 13:03:23 - [TEST_STEP][PASSED] - setEncryptedText: Text ****** has been set on object 'Object Repository/Employee_data_01/Page_Thor/input__password'

2019-02-19 13:03:23 - [MESSAGE][PASSED] - Text ****** has been set on object 'Object Repository/Employee_data_01/Page_Thor/input__password'

2019-02-19 13:03:23 - [TEST_STEP][PASSED] - selectOptionByValue: All options with value 'Associate' are selected in object 'Object Repository/Employee_data_01/Page_Thor/select_--- Please Select  ---'  using regular expression

2019-02-19 13:03:23 - [MESSAGE][PASSED] - All options with value 'Associate' are selected in object 'Object Repository/Employee_data_01/Page_Thor/select_--- Please Select  ---'  using regular expression

2019-02-19 13:03:23 - [TEST_STEP][PASSED] - selectOptionByValue: All options with value 'TC Inc' are selected in object 'Object Repository/Employee_data_01/Page_Thor/select_--- Please Select  --- _1'  using regular expression

2019-02-19 13:03:24 - [MESSAGE][PASSED] - All options with value 'TC Inc' are selected in object 'Object Repository/Employee_data_01/Page_Thor/select_--- Please Select  --- _1'  using regular expression

2019-02-19 13:03:24 - [TEST_STEP][PASSED] - click: Object: 'Object Repository/Employee_data_01/Page_Thor/span_All' is clicked on

2019-02-19 13:03:24 - [MESSAGE][PASSED] - Object: 'Object Repository/Employee_data_01/Page_Thor/span_All' is clicked on

2019-02-19 13:03:24 - [TEST_STEP][PASSED] - click: Object: 'Object Repository/Employee_data_01/Page_Thor/input' is clicked on

2019-02-19 13:03:24 - [MESSAGE][PASSED] - Object: 'Object Repository/Employee_data_01/Page_Thor/input' is clicked on

2019-02-19 13:03:24 - [TEST_STEP][PASSED] - click: Object: 'Object Repository/Employee_data_01/Page_Thor/click' is clicked on

2019-02-19 13:03:24 - [MESSAGE][PASSED] - Object: 'Object Repository/Employee_data_01/Page_Thor/click' is clicked on

2019-02-19 13:03:24 - [TEST_STEP][PASSED] - click: Object: 'Object Repository/Employee_data_01/Page_Thor/savce' is clicked on

2019-02-19 13:03:24 - [MESSAGE][PASSED] - Object: 'Object Repository/Employee_data_01/Page_Thor/savce' is clicked on

2019-02-19 13:03:24 - [TEST_STEP][PASSED] - setText: Text 'DSe' is set on object 'Object Repository/Employee_data_01/Page_Thor/input_Search_form-control inpu'

2019-02-19 13:03:24 - [MESSAGE][PASSED] - Text 'DSe' is set on object 'Object Repository/Employee_data_01/Page_Thor/input_Search_form-control inpu'

2019-02-19 13:03:24 - [TEST_STEP][PASSED] - delay: Delayed 5 second(s)

2019-02-19 13:03:29 - [MESSAGE][PASSED] - Delayed 5 second(s)]]></system-out>
         <system-err><![CDATA[]]></system-err>
      </testcase>
      <system-out><![CDATA[2019-02-19 13:02:18 - [TEST_SUITE][PASSED] - Employee_data_01: Test Cases/Configuration_info/Employee_data_01]]></system-out>
      <system-err><![CDATA[]]></system-err>
   </testsuite>
</testsuites>
