<?xml version="1.0" encoding="UTF-8"?>
<testsuites name="Employee_data_01" time="78" tests="2" failures="0" errors="0">
   <testsuite name="Employee_data_01" tests="2" failures="0" errors="0" time="78" timestamp="2019-02-19 15:02:15" hostname="sambhavi - sambhavi.jmangroup.com" id="Test Suites/Configuration_01/Employee_data_01">
      <properties>
         <property name="deviceName" value=""/>
         <property name="devicePlatform" value=""/>
         <property name="logFolder" value="C:\\Users\\sambhavi\\Katalon Studio\\Thor\\Reports\\Configuration_01\\Employee_data_01\\20190219_150211"/>
         <property name="logFiles" value="C:\\Users\\sambhavi\\Katalon Studio\\Thor\\Reports\\Configuration_01\\Employee_data_01\\20190219_150211\\execution0.log"/>
         <property name="attachments" value=""/>
         <property name="hostName" value="sambhavi - sambhavi.jmangroup.com"/>
         <property name="os" value="Windows 10 64bit"/>
         <property name="katalonVersion" value="5.8.4.14"/>
         <property name="browser" value="Chrome 72.0.3626.109"/>
         <property name="hostAddress" value="192.168.0.185"/>
         <property name="sessionId" value="18b18a77da8185d5bfeff22feb749b24"/>
         <property name="seleniumVersion" value="3.7.1"/>
         <property name="proxyInformation" value="ProxyInformation{proxyOption=NO_PROXY, proxyServerType=HTTP, password=, proxyServerAddress=, proxyServerPort=0}"/>
         <property name="platform" value="Windows 10"/>
      </properties>
      <testcase name="Test Cases/Login_page_info/Login_valid_info_1" classname="Test Cases/Login_page_info/Login_valid_info_1" status="PASSED">
         <system-out><![CDATA[2019-02-19 15:02:17 - [TEST_CASE][PASSED] - Test Cases/Login_page_info/Login_valid_info_1: Test Cases/Login_page_info/Login_valid_info_1

2019-02-19 15:02:18 - [TEST_STEP][PASSED] - comment: Login to Thor with Valid Credentials

2019-02-19 15:02:18 - [TEST_STEP][PASSED] - openBrowser: Browser is opened with url: ''

2019-02-19 15:02:25 - [MESSAGE][PASSED] - Browser is opened with url: ''

2019-02-19 15:02:25 - [TEST_STEP][PASSED] - navigateToUrl: Navigate to 'https://staging.mythortal.com/' successfully

2019-02-19 15:02:28 - [MESSAGE][PASSED] - Navigate to 'https://staging.mythortal.com/' successfully

2019-02-19 15:02:28 - [TEST_STEP][PASSED] - setText: Text 'nick' is set on object 'Object Repository/Login_page_info/Login_valid_info_1/Page_THORtal - Login/input_Login_username'

2019-02-19 15:02:29 - [MESSAGE][PASSED] - Text 'nick' is set on object 'Object Repository/Login_page_info/Login_valid_info_1/Page_THORtal - Login/input_Login_username'

2019-02-19 15:02:29 - [TEST_STEP][PASSED] - setEncryptedText: Text ****** has been set on object 'Object Repository/Login_page_info/Login_valid_info_1/Page_THORtal - Login/input_Login_password'

2019-02-19 15:02:29 - [MESSAGE][PASSED] - Text ****** has been set on object 'Object Repository/Login_page_info/Login_valid_info_1/Page_THORtal - Login/input_Login_password'

2019-02-19 15:02:29 - [TEST_STEP][PASSED] - click: Object: 'Object Repository/Login_page_info/Login_valid_info_1/Page_THORtal - Login/button_Login' is clicked on

2019-02-19 15:02:33 - [MESSAGE][PASSED] - Object: 'Object Repository/Login_page_info/Login_valid_info_1/Page_THORtal - Login/button_Login' is clicked on

2019-02-19 15:02:33 - [TEST_STEP][PASSED] - verifyElementPresent: Object 'Object Repository/Login_page_info/Login_valid_info_1/Page_THORtal - Login/dash' is present

2019-02-19 15:02:33 - [MESSAGE][WARNING] - Timeout '0' is invalid. Using default page load timeout: '30'

2019-02-19 15:02:33 - [MESSAGE][PASSED] - Object 'Object Repository/Login_page_info/Login_valid_info_1/Page_THORtal - Login/dash' is present]]></system-out>
         <system-err><![CDATA[]]></system-err>
      </testcase>
      <testcase name="Test Cases/Configuration_info/Employee_data_01" classname="Test Cases/Configuration_info/Employee_data_01" status="PASSED">
         <system-out><![CDATA[2019-02-19 15:02:33 - [TEST_CASE][PASSED] - Test Cases/Configuration_info/Employee_data_01: Test Cases/Configuration_info/Employee_data_01

2019-02-19 15:02:34 - [TEST_STEP][PASSED] - comment: Creating Employee data In configuration

2019-02-19 15:02:34 - [TEST_STEP][PASSED] - click: Object: 'Object Repository/Employee_data_01/Page_Thor/div_Configuration' is clicked on

2019-02-19 15:02:35 - [MESSAGE][PASSED] - Object: 'Object Repository/Employee_data_01/Page_Thor/div_Configuration' is clicked on

2019-02-19 15:02:35 - [TEST_STEP][PASSED] - delay: Delayed 5 second(s)

2019-02-19 15:02:40 - [MESSAGE][PASSED] - Delayed 5 second(s)

2019-02-19 15:02:40 - [TEST_STEP][PASSED] - Statement - For ([i = 1, i <= com.kms.katalon.core.testdata.TestDataFactory.findTestData(Configuration_Info/Create).getRowNumbers(), (i++)]): Delayed 5 second(s)

2019-02-19 15:02:40 - [TEST_STEP][PASSED] - click: Object: 'Object Repository/Employee_data_01/Page_Thor/button_New' is clicked on

2019-02-19 15:02:41 - [MESSAGE][PASSED] - Object: 'Object Repository/Employee_data_01/Page_Thor/button_New' is clicked on

2019-02-19 15:02:41 - [TEST_STEP][PASSED] - delay: Delayed 5 second(s)

2019-02-19 15:02:46 - [MESSAGE][PASSED] - Delayed 5 second(s)

2019-02-19 15:02:46 - [TEST_STEP][PASSED] - setText: Text 'A' is set on object 'Object Repository/Employee_data_01/Page_Thor/input__first_name'

2019-02-19 15:02:46 - [MESSAGE][PASSED] - Text 'A' is set on object 'Object Repository/Employee_data_01/Page_Thor/input__first_name'

2019-02-19 15:02:46 - [TEST_STEP][PASSED] - setText: Text 'A' is set on object 'Object Repository/Employee_data_01/Page_Thor/input__last_name'

2019-02-19 15:02:46 - [MESSAGE][PASSED] - Text 'A' is set on object 'Object Repository/Employee_data_01/Page_Thor/input__last_name'

2019-02-19 15:02:46 - [TEST_STEP][PASSED] - setText: Text 'AAA' is set on object 'Object Repository/Employee_data_01/Page_Thor/input__emp_code'

2019-02-19 15:02:46 - [MESSAGE][PASSED] - Text 'AAA' is set on object 'Object Repository/Employee_data_01/Page_Thor/input__emp_code'

2019-02-19 15:02:46 - [TEST_STEP][PASSED] - setText: Text 'AA' is set on object 'Object Repository/Employee_data_01/Page_Thor/input__user_name'

2019-02-19 15:02:47 - [MESSAGE][PASSED] - Text 'AA' is set on object 'Object Repository/Employee_data_01/Page_Thor/input__user_name'

2019-02-19 15:02:47 - [TEST_STEP][PASSED] - delay: Delayed 5 second(s)

2019-02-19 15:02:52 - [MESSAGE][PASSED] - Delayed 5 second(s)

2019-02-19 15:02:52 - [TEST_STEP][PASSED] - setEncryptedText: Text ****** has been set on object 'Object Repository/Employee_data_01/Page_Thor/input__password'

2019-02-19 15:02:52 - [MESSAGE][PASSED] - Text ****** has been set on object 'Object Repository/Employee_data_01/Page_Thor/input__password'

2019-02-19 15:02:52 - [TEST_STEP][PASSED] - selectOptionByValue: All options with value 'Admin' are selected in object 'Object Repository/Employee_data_01/Page_Thor/select_--- Please Select  ---'  using regular expression

2019-02-19 15:02:52 - [MESSAGE][PASSED] - All options with value 'Admin' are selected in object 'Object Repository/Employee_data_01/Page_Thor/select_--- Please Select  ---'  using regular expression

2019-02-19 15:02:52 - [TEST_STEP][PASSED] - selectOptionByValue: All options with value 'TC LTD' are selected in object 'Object Repository/Employee_data_01/Page_Thor/select_--- Please Select  --- _1'  using regular expression

2019-02-19 15:02:52 - [MESSAGE][PASSED] - All options with value 'TC LTD' are selected in object 'Object Repository/Employee_data_01/Page_Thor/select_--- Please Select  --- _1'  using regular expression

2019-02-19 15:02:52 - [TEST_STEP][PASSED] - click: Object: 'Object Repository/Employee_data_01/Page_Thor/span_All' is clicked on

2019-02-19 15:02:52 - [MESSAGE][PASSED] - Object: 'Object Repository/Employee_data_01/Page_Thor/span_All' is clicked on

2019-02-19 15:02:52 - [TEST_STEP][PASSED] - click: Object: 'Object Repository/Employee_data_01/Page_Thor/input' is clicked on

2019-02-19 15:02:53 - [MESSAGE][PASSED] - Object: 'Object Repository/Employee_data_01/Page_Thor/input' is clicked on

2019-02-19 15:02:53 - [TEST_STEP][PASSED] - click: Object: 'Object Repository/Employee_data_01/Page_Thor/click' is clicked on

2019-02-19 15:02:53 - [MESSAGE][PASSED] - Object: 'Object Repository/Employee_data_01/Page_Thor/click' is clicked on

2019-02-19 15:02:53 - [TEST_STEP][PASSED] - click: Object: 'Object Repository/Employee_data_01/Page_Thor/savce' is clicked on

2019-02-19 15:02:53 - [MESSAGE][PASSED] - Object: 'Object Repository/Employee_data_01/Page_Thor/savce' is clicked on

2019-02-19 15:02:53 - [TEST_STEP][PASSED] - setText: Text 'AAA' is set on object 'Object Repository/Employee_data_01/Page_Thor/input_Search_form-control inpu'

2019-02-19 15:02:55 - [MESSAGE][PASSED] - Text 'AAA' is set on object 'Object Repository/Employee_data_01/Page_Thor/input_Search_form-control inpu'

2019-02-19 15:02:55 - [TEST_STEP][PASSED] - delay: Delayed 5 second(s)

2019-02-19 15:03:00 - [MESSAGE][PASSED] - Delayed 5 second(s)

2019-02-19 15:03:00 - [TEST_STEP][PASSED] - click: Object: 'Object Repository/Employee_data_01/Page_Thor/button_New' is clicked on

2019-02-19 15:03:00 - [MESSAGE][PASSED] - Object: 'Object Repository/Employee_data_01/Page_Thor/button_New' is clicked on

2019-02-19 15:03:00 - [TEST_STEP][PASSED] - delay: Delayed 5 second(s)

2019-02-19 15:03:05 - [MESSAGE][PASSED] - Delayed 5 second(s)

2019-02-19 15:03:05 - [TEST_STEP][PASSED] - setText: Text 'B' is set on object 'Object Repository/Employee_data_01/Page_Thor/input__first_name'

2019-02-19 15:03:05 - [MESSAGE][PASSED] - Text 'B' is set on object 'Object Repository/Employee_data_01/Page_Thor/input__first_name'

2019-02-19 15:03:05 - [TEST_STEP][PASSED] - setText: Text 'B' is set on object 'Object Repository/Employee_data_01/Page_Thor/input__last_name'

2019-02-19 15:03:05 - [MESSAGE][PASSED] - Text 'B' is set on object 'Object Repository/Employee_data_01/Page_Thor/input__last_name'

2019-02-19 15:03:05 - [TEST_STEP][PASSED] - setText: Text 'BBB' is set on object 'Object Repository/Employee_data_01/Page_Thor/input__emp_code'

2019-02-19 15:03:05 - [MESSAGE][PASSED] - Text 'BBB' is set on object 'Object Repository/Employee_data_01/Page_Thor/input__emp_code'

2019-02-19 15:03:05 - [TEST_STEP][PASSED] - setText: Text 'BB' is set on object 'Object Repository/Employee_data_01/Page_Thor/input__user_name'

2019-02-19 15:03:05 - [MESSAGE][PASSED] - Text 'BB' is set on object 'Object Repository/Employee_data_01/Page_Thor/input__user_name'

2019-02-19 15:03:05 - [TEST_STEP][PASSED] - delay: Delayed 5 second(s)

2019-02-19 15:03:10 - [MESSAGE][PASSED] - Delayed 5 second(s)

2019-02-19 15:03:10 - [TEST_STEP][PASSED] - setEncryptedText: Text ****** has been set on object 'Object Repository/Employee_data_01/Page_Thor/input__password'

2019-02-19 15:03:11 - [MESSAGE][PASSED] - Text ****** has been set on object 'Object Repository/Employee_data_01/Page_Thor/input__password'

2019-02-19 15:03:11 - [TEST_STEP][PASSED] - selectOptionByValue: All options with value 'Resourcer' are selected in object 'Object Repository/Employee_data_01/Page_Thor/select_--- Please Select  ---'  using regular expression

2019-02-19 15:03:11 - [MESSAGE][PASSED] - All options with value 'Resourcer' are selected in object 'Object Repository/Employee_data_01/Page_Thor/select_--- Please Select  ---'  using regular expression

2019-02-19 15:03:11 - [TEST_STEP][PASSED] - selectOptionByValue: All options with value 'TLS Ltd' are selected in object 'Object Repository/Employee_data_01/Page_Thor/select_--- Please Select  --- _1'  using regular expression

2019-02-19 15:03:11 - [MESSAGE][PASSED] - All options with value 'TLS Ltd' are selected in object 'Object Repository/Employee_data_01/Page_Thor/select_--- Please Select  --- _1'  using regular expression

2019-02-19 15:03:11 - [TEST_STEP][PASSED] - click: Object: 'Object Repository/Employee_data_01/Page_Thor/span_All' is clicked on

2019-02-19 15:03:11 - [MESSAGE][PASSED] - Object: 'Object Repository/Employee_data_01/Page_Thor/span_All' is clicked on

2019-02-19 15:03:11 - [TEST_STEP][PASSED] - click: Object: 'Object Repository/Employee_data_01/Page_Thor/input' is clicked on

2019-02-19 15:03:11 - [MESSAGE][PASSED] - Object: 'Object Repository/Employee_data_01/Page_Thor/input' is clicked on

2019-02-19 15:03:11 - [TEST_STEP][PASSED] - click: Object: 'Object Repository/Employee_data_01/Page_Thor/click' is clicked on

2019-02-19 15:03:11 - [MESSAGE][PASSED] - Object: 'Object Repository/Employee_data_01/Page_Thor/click' is clicked on

2019-02-19 15:03:11 - [TEST_STEP][PASSED] - click: Object: 'Object Repository/Employee_data_01/Page_Thor/savce' is clicked on

2019-02-19 15:03:11 - [MESSAGE][PASSED] - Object: 'Object Repository/Employee_data_01/Page_Thor/savce' is clicked on

2019-02-19 15:03:11 - [TEST_STEP][PASSED] - setText: Text 'BBB' is set on object 'Object Repository/Employee_data_01/Page_Thor/input_Search_form-control inpu'

2019-02-19 15:03:11 - [MESSAGE][PASSED] - Text 'BBB' is set on object 'Object Repository/Employee_data_01/Page_Thor/input_Search_form-control inpu'

2019-02-19 15:03:11 - [TEST_STEP][PASSED] - delay: Delayed 5 second(s)

2019-02-19 15:03:16 - [MESSAGE][PASSED] - Delayed 5 second(s)

2019-02-19 15:03:16 - [TEST_STEP][PASSED] - click: Object: 'Object Repository/Employee_data_01/Page_Thor/button_New' is clicked on

2019-02-19 15:03:17 - [MESSAGE][PASSED] - Object: 'Object Repository/Employee_data_01/Page_Thor/button_New' is clicked on

2019-02-19 15:03:17 - [TEST_STEP][PASSED] - delay: Delayed 5 second(s)

2019-02-19 15:03:22 - [MESSAGE][PASSED] - Delayed 5 second(s)

2019-02-19 15:03:22 - [TEST_STEP][PASSED] - setText: Text 'C' is set on object 'Object Repository/Employee_data_01/Page_Thor/input__first_name'

2019-02-19 15:03:22 - [MESSAGE][PASSED] - Text 'C' is set on object 'Object Repository/Employee_data_01/Page_Thor/input__first_name'

2019-02-19 15:03:22 - [TEST_STEP][PASSED] - setText: Text 'C' is set on object 'Object Repository/Employee_data_01/Page_Thor/input__last_name'

2019-02-19 15:03:22 - [MESSAGE][PASSED] - Text 'C' is set on object 'Object Repository/Employee_data_01/Page_Thor/input__last_name'

2019-02-19 15:03:22 - [TEST_STEP][PASSED] - setText: Text 'CCC' is set on object 'Object Repository/Employee_data_01/Page_Thor/input__emp_code'

2019-02-19 15:03:22 - [MESSAGE][PASSED] - Text 'CCC' is set on object 'Object Repository/Employee_data_01/Page_Thor/input__emp_code'

2019-02-19 15:03:22 - [TEST_STEP][PASSED] - setText: Text 'CC' is set on object 'Object Repository/Employee_data_01/Page_Thor/input__user_name'

2019-02-19 15:03:22 - [MESSAGE][PASSED] - Text 'CC' is set on object 'Object Repository/Employee_data_01/Page_Thor/input__user_name'

2019-02-19 15:03:22 - [TEST_STEP][PASSED] - delay: Delayed 5 second(s)

2019-02-19 15:03:27 - [MESSAGE][PASSED] - Delayed 5 second(s)

2019-02-19 15:03:27 - [TEST_STEP][PASSED] - setEncryptedText: Text ****** has been set on object 'Object Repository/Employee_data_01/Page_Thor/input__password'

2019-02-19 15:03:27 - [MESSAGE][PASSED] - Text ****** has been set on object 'Object Repository/Employee_data_01/Page_Thor/input__password'

2019-02-19 15:03:27 - [TEST_STEP][PASSED] - selectOptionByValue: All options with value 'Associate' are selected in object 'Object Repository/Employee_data_01/Page_Thor/select_--- Please Select  ---'  using regular expression

2019-02-19 15:03:27 - [MESSAGE][PASSED] - All options with value 'Associate' are selected in object 'Object Repository/Employee_data_01/Page_Thor/select_--- Please Select  ---'  using regular expression

2019-02-19 15:03:27 - [TEST_STEP][PASSED] - selectOptionByValue: All options with value 'TC Inc' are selected in object 'Object Repository/Employee_data_01/Page_Thor/select_--- Please Select  --- _1'  using regular expression

2019-02-19 15:03:28 - [MESSAGE][PASSED] - All options with value 'TC Inc' are selected in object 'Object Repository/Employee_data_01/Page_Thor/select_--- Please Select  --- _1'  using regular expression

2019-02-19 15:03:28 - [TEST_STEP][PASSED] - click: Object: 'Object Repository/Employee_data_01/Page_Thor/span_All' is clicked on

2019-02-19 15:03:28 - [MESSAGE][PASSED] - Object: 'Object Repository/Employee_data_01/Page_Thor/span_All' is clicked on

2019-02-19 15:03:28 - [TEST_STEP][PASSED] - click: Object: 'Object Repository/Employee_data_01/Page_Thor/input' is clicked on

2019-02-19 15:03:28 - [MESSAGE][PASSED] - Object: 'Object Repository/Employee_data_01/Page_Thor/input' is clicked on

2019-02-19 15:03:28 - [TEST_STEP][PASSED] - click: Object: 'Object Repository/Employee_data_01/Page_Thor/click' is clicked on

2019-02-19 15:03:28 - [MESSAGE][PASSED] - Object: 'Object Repository/Employee_data_01/Page_Thor/click' is clicked on

2019-02-19 15:03:28 - [TEST_STEP][PASSED] - click: Object: 'Object Repository/Employee_data_01/Page_Thor/savce' is clicked on

2019-02-19 15:03:28 - [MESSAGE][PASSED] - Object: 'Object Repository/Employee_data_01/Page_Thor/savce' is clicked on

2019-02-19 15:03:28 - [TEST_STEP][PASSED] - setText: Text 'CCC' is set on object 'Object Repository/Employee_data_01/Page_Thor/input_Search_form-control inpu'

2019-02-19 15:03:28 - [MESSAGE][PASSED] - Text 'CCC' is set on object 'Object Repository/Employee_data_01/Page_Thor/input_Search_form-control inpu'

2019-02-19 15:03:28 - [TEST_STEP][PASSED] - delay: Delayed 5 second(s)

2019-02-19 15:03:33 - [MESSAGE][PASSED] - Delayed 5 second(s)]]></system-out>
         <system-err><![CDATA[]]></system-err>
      </testcase>
      <system-out><![CDATA[2019-02-19 15:02:15 - [TEST_SUITE][PASSED] - Employee_data_01: Test Cases/Configuration_info/Employee_data_01]]></system-out>
      <system-err><![CDATA[]]></system-err>
   </testsuite>
</testsuites>
