<?xml version="1.0" encoding="UTF-8"?>
<testsuites name="Employee_data_01" time="75" tests="2" failures="0" errors="0">
   <testsuite name="Employee_data_01" tests="2" failures="0" errors="0" time="75" timestamp="2019-02-19 12:54:45" hostname="sambhavi - sambhavi.jmangroup.com" id="Test Suites/Configuration_01/Employee_data_01">
      <properties>
         <property name="deviceName" value=""/>
         <property name="devicePlatform" value=""/>
         <property name="logFolder" value="C:\\Users\\sambhavi\\Katalon Studio\\Thor\\Reports\\Configuration_01\\Employee_data_01\\20190219_125442"/>
         <property name="logFiles" value="C:\\Users\\sambhavi\\Katalon Studio\\Thor\\Reports\\Configuration_01\\Employee_data_01\\20190219_125442\\execution0.log"/>
         <property name="attachments" value=""/>
         <property name="hostName" value="sambhavi - sambhavi.jmangroup.com"/>
         <property name="os" value="Windows 10 64bit"/>
         <property name="katalonVersion" value="5.8.4.14"/>
         <property name="browser" value="Chrome 72.0.3626.109"/>
         <property name="hostAddress" value="192.168.0.185"/>
         <property name="sessionId" value="127802738202a9b638c2b0c902b22d0c"/>
         <property name="seleniumVersion" value="3.7.1"/>
         <property name="proxyInformation" value="ProxyInformation{proxyOption=NO_PROXY, proxyServerType=HTTP, password=, proxyServerAddress=, proxyServerPort=0}"/>
         <property name="platform" value="Windows 10"/>
      </properties>
      <testcase name="Test Cases/Login_page_info/Login_valid_info_1" classname="Test Cases/Login_page_info/Login_valid_info_1" status="PASSED">
         <system-out><![CDATA[2019-02-19 12:54:45 - [TEST_CASE][PASSED] - Test Cases/Login_page_info/Login_valid_info_1: Test Cases/Login_page_info/Login_valid_info_1

2019-02-19 12:54:46 - [TEST_STEP][PASSED] - comment: Login to Thor with Valid Credentials

2019-02-19 12:54:46 - [TEST_STEP][PASSED] - openBrowser: Browser is opened with url: ''

2019-02-19 12:54:53 - [MESSAGE][PASSED] - Browser is opened with url: ''

2019-02-19 12:54:53 - [TEST_STEP][PASSED] - navigateToUrl: Navigate to 'https://staging.mythortal.com/' successfully

2019-02-19 12:54:57 - [MESSAGE][PASSED] - Navigate to 'https://staging.mythortal.com/' successfully

2019-02-19 12:54:57 - [TEST_STEP][PASSED] - setText: Text 'nick' is set on object 'Object Repository/Login_page_info/Login_valid_info_1/Page_THORtal - Login/input_Login_username'

2019-02-19 12:54:57 - [MESSAGE][PASSED] - Text 'nick' is set on object 'Object Repository/Login_page_info/Login_valid_info_1/Page_THORtal - Login/input_Login_username'

2019-02-19 12:54:57 - [TEST_STEP][PASSED] - setEncryptedText: Text ****** has been set on object 'Object Repository/Login_page_info/Login_valid_info_1/Page_THORtal - Login/input_Login_password'

2019-02-19 12:54:58 - [MESSAGE][PASSED] - Text ****** has been set on object 'Object Repository/Login_page_info/Login_valid_info_1/Page_THORtal - Login/input_Login_password'

2019-02-19 12:54:58 - [TEST_STEP][PASSED] - click: Object: 'Object Repository/Login_page_info/Login_valid_info_1/Page_THORtal - Login/button_Login' is clicked on

2019-02-19 12:55:02 - [MESSAGE][PASSED] - Object: 'Object Repository/Login_page_info/Login_valid_info_1/Page_THORtal - Login/button_Login' is clicked on

2019-02-19 12:55:02 - [TEST_STEP][PASSED] - verifyElementPresent: Object 'Object Repository/Login_page_info/Login_valid_info_1/Page_THORtal - Login/dash' is present

2019-02-19 12:55:02 - [MESSAGE][WARNING] - Timeout '0' is invalid. Using default page load timeout: '30'

2019-02-19 12:55:02 - [MESSAGE][PASSED] - Object 'Object Repository/Login_page_info/Login_valid_info_1/Page_THORtal - Login/dash' is present]]></system-out>
         <system-err><![CDATA[]]></system-err>
      </testcase>
      <testcase name="Test Cases/Configuration_info/Employee_data_01" classname="Test Cases/Configuration_info/Employee_data_01" status="PASSED">
         <system-out><![CDATA[2019-02-19 12:55:02 - [TEST_CASE][PASSED] - Test Cases/Configuration_info/Employee_data_01: Test Cases/Configuration_info/Employee_data_01

2019-02-19 12:55:03 - [TEST_STEP][PASSED] - click: Object: 'Object Repository/Employee_data_01/Page_Thor/div_Configuration' is clicked on

2019-02-19 12:55:04 - [MESSAGE][PASSED] - Object: 'Object Repository/Employee_data_01/Page_Thor/div_Configuration' is clicked on

2019-02-19 12:55:04 - [TEST_STEP][PASSED] - delay: Delayed 5 second(s)

2019-02-19 12:55:09 - [MESSAGE][PASSED] - Delayed 5 second(s)

2019-02-19 12:55:09 - [TEST_STEP][PASSED] - Statement - For ([i = 1, i <= com.kms.katalon.core.testdata.TestDataFactory.findTestData(Employee-data_01).getRowNumbers(), (i++)]): Delayed 5 second(s)

2019-02-19 12:55:09 - [TEST_STEP][PASSED] - click: Object: 'Object Repository/Employee_data_01/Page_Thor/button_New' is clicked on

2019-02-19 12:55:09 - [MESSAGE][PASSED] - Object: 'Object Repository/Employee_data_01/Page_Thor/button_New' is clicked on

2019-02-19 12:55:09 - [TEST_STEP][PASSED] - delay: Delayed 5 second(s)

2019-02-19 12:55:14 - [MESSAGE][PASSED] - Delayed 5 second(s)

2019-02-19 12:55:14 - [TEST_STEP][PASSED] - setText: Text 'Williams3' is set on object 'Object Repository/Employee_data_01/Page_Thor/input__first_name'

2019-02-19 12:55:14 - [MESSAGE][PASSED] - Text 'Williams3' is set on object 'Object Repository/Employee_data_01/Page_Thor/input__first_name'

2019-02-19 12:55:14 - [TEST_STEP][PASSED] - setText: Text 'w3' is set on object 'Object Repository/Employee_data_01/Page_Thor/input__last_name'

2019-02-19 12:55:14 - [MESSAGE][PASSED] - Text 'w3' is set on object 'Object Repository/Employee_data_01/Page_Thor/input__last_name'

2019-02-19 12:55:14 - [TEST_STEP][PASSED] - setText: Text 'cfd' is set on object 'Object Repository/Employee_data_01/Page_Thor/input__emp_code'

2019-02-19 12:55:15 - [MESSAGE][PASSED] - Text 'cfd' is set on object 'Object Repository/Employee_data_01/Page_Thor/input__emp_code'

2019-02-19 12:55:15 - [TEST_STEP][PASSED] - setText: Text 'Williams3' is set on object 'Object Repository/Employee_data_01/Page_Thor/input__user_name'

2019-02-19 12:55:15 - [MESSAGE][PASSED] - Text 'Williams3' is set on object 'Object Repository/Employee_data_01/Page_Thor/input__user_name'

2019-02-19 12:55:15 - [TEST_STEP][PASSED] - delay: Delayed 5 second(s)

2019-02-19 12:55:20 - [MESSAGE][PASSED] - Delayed 5 second(s)

2019-02-19 12:55:20 - [TEST_STEP][PASSED] - setEncryptedText: Text ****** has been set on object 'Object Repository/Employee_data_01/Page_Thor/input__password'

2019-02-19 12:55:20 - [MESSAGE][PASSED] - Text ****** has been set on object 'Object Repository/Employee_data_01/Page_Thor/input__password'

2019-02-19 12:55:20 - [TEST_STEP][PASSED] - selectOptionByValue: All options with value 'Resourcer' are selected in object 'Object Repository/Employee_data_01/Page_Thor/select_--- Please Select  ---'  using regular expression

2019-02-19 12:55:20 - [MESSAGE][PASSED] - All options with value 'Resourcer' are selected in object 'Object Repository/Employee_data_01/Page_Thor/select_--- Please Select  ---'  using regular expression

2019-02-19 12:55:20 - [TEST_STEP][PASSED] - selectOptionByValue: All options with value 'TC LTD' are selected in object 'Object Repository/Employee_data_01/Page_Thor/select_--- Please Select  --- _1'  using regular expression

2019-02-19 12:55:20 - [MESSAGE][PASSED] - All options with value 'TC LTD' are selected in object 'Object Repository/Employee_data_01/Page_Thor/select_--- Please Select  --- _1'  using regular expression

2019-02-19 12:55:20 - [TEST_STEP][PASSED] - click: Object: 'Object Repository/Employee_data_01/Page_Thor/span_All' is clicked on

2019-02-19 12:55:21 - [MESSAGE][PASSED] - Object: 'Object Repository/Employee_data_01/Page_Thor/span_All' is clicked on

2019-02-19 12:55:21 - [TEST_STEP][PASSED] - click: Object: 'Object Repository/Employee_data_01/Page_Thor/input' is clicked on

2019-02-19 12:55:21 - [MESSAGE][PASSED] - Object: 'Object Repository/Employee_data_01/Page_Thor/input' is clicked on

2019-02-19 12:55:21 - [TEST_STEP][PASSED] - click: Object: 'Object Repository/Employee_data_01/Page_Thor/click' is clicked on

2019-02-19 12:55:21 - [MESSAGE][PASSED] - Object: 'Object Repository/Employee_data_01/Page_Thor/click' is clicked on

2019-02-19 12:55:21 - [TEST_STEP][PASSED] - click: Object: 'Object Repository/Employee_data_01/Page_Thor/savce' is clicked on

2019-02-19 12:55:21 - [MESSAGE][PASSED] - Object: 'Object Repository/Employee_data_01/Page_Thor/savce' is clicked on

2019-02-19 12:55:21 - [TEST_STEP][PASSED] - setText: Text 'cfd' is set on object 'Object Repository/Employee_data_01/Page_Thor/input_Search_form-control inpu'

2019-02-19 12:55:21 - [MESSAGE][PASSED] - Text 'cfd' is set on object 'Object Repository/Employee_data_01/Page_Thor/input_Search_form-control inpu'

2019-02-19 12:55:21 - [TEST_STEP][PASSED] - delay: Delayed 5 second(s)

2019-02-19 12:55:26 - [MESSAGE][PASSED] - Delayed 5 second(s)

2019-02-19 12:55:26 - [TEST_STEP][PASSED] - click: Object: 'Object Repository/Employee_data_01/Page_Thor/button_New' is clicked on

2019-02-19 12:55:26 - [MESSAGE][PASSED] - Object: 'Object Repository/Employee_data_01/Page_Thor/button_New' is clicked on

2019-02-19 12:55:26 - [TEST_STEP][PASSED] - delay: Delayed 5 second(s)

2019-02-19 12:55:31 - [MESSAGE][PASSED] - Delayed 5 second(s)

2019-02-19 12:55:31 - [TEST_STEP][PASSED] - setText: Text 'Albert' is set on object 'Object Repository/Employee_data_01/Page_Thor/input__first_name'

2019-02-19 12:55:32 - [MESSAGE][PASSED] - Text 'Albert' is set on object 'Object Repository/Employee_data_01/Page_Thor/input__first_name'

2019-02-19 12:55:32 - [TEST_STEP][PASSED] - setText: Text 'A' is set on object 'Object Repository/Employee_data_01/Page_Thor/input__last_name'

2019-02-19 12:55:32 - [MESSAGE][PASSED] - Text 'A' is set on object 'Object Repository/Employee_data_01/Page_Thor/input__last_name'

2019-02-19 12:55:32 - [TEST_STEP][PASSED] - setText: Text 'ADS' is set on object 'Object Repository/Employee_data_01/Page_Thor/input__emp_code'

2019-02-19 12:55:32 - [MESSAGE][PASSED] - Text 'ADS' is set on object 'Object Repository/Employee_data_01/Page_Thor/input__emp_code'

2019-02-19 12:55:32 - [TEST_STEP][PASSED] - setText: Text 'Albert A' is set on object 'Object Repository/Employee_data_01/Page_Thor/input__user_name'

2019-02-19 12:55:32 - [MESSAGE][PASSED] - Text 'Albert A' is set on object 'Object Repository/Employee_data_01/Page_Thor/input__user_name'

2019-02-19 12:55:32 - [TEST_STEP][PASSED] - delay: Delayed 5 second(s)

2019-02-19 12:55:37 - [MESSAGE][PASSED] - Delayed 5 second(s)

2019-02-19 12:55:37 - [TEST_STEP][PASSED] - setEncryptedText: Text ****** has been set on object 'Object Repository/Employee_data_01/Page_Thor/input__password'

2019-02-19 12:55:37 - [MESSAGE][PASSED] - Text ****** has been set on object 'Object Repository/Employee_data_01/Page_Thor/input__password'

2019-02-19 12:55:37 - [TEST_STEP][PASSED] - selectOptionByValue: All options with value 'Resourcer' are selected in object 'Object Repository/Employee_data_01/Page_Thor/select_--- Please Select  ---'  using regular expression

2019-02-19 12:55:37 - [MESSAGE][PASSED] - All options with value 'Resourcer' are selected in object 'Object Repository/Employee_data_01/Page_Thor/select_--- Please Select  ---'  using regular expression

2019-02-19 12:55:37 - [TEST_STEP][PASSED] - selectOptionByValue: All options with value 'TC LTD' are selected in object 'Object Repository/Employee_data_01/Page_Thor/select_--- Please Select  --- _1'  using regular expression

2019-02-19 12:55:38 - [MESSAGE][PASSED] - All options with value 'TC LTD' are selected in object 'Object Repository/Employee_data_01/Page_Thor/select_--- Please Select  --- _1'  using regular expression

2019-02-19 12:55:38 - [TEST_STEP][PASSED] - click: Object: 'Object Repository/Employee_data_01/Page_Thor/span_All' is clicked on

2019-02-19 12:55:38 - [MESSAGE][PASSED] - Object: 'Object Repository/Employee_data_01/Page_Thor/span_All' is clicked on

2019-02-19 12:55:38 - [TEST_STEP][PASSED] - click: Object: 'Object Repository/Employee_data_01/Page_Thor/input' is clicked on

2019-02-19 12:55:38 - [MESSAGE][PASSED] - Object: 'Object Repository/Employee_data_01/Page_Thor/input' is clicked on

2019-02-19 12:55:38 - [TEST_STEP][PASSED] - click: Object: 'Object Repository/Employee_data_01/Page_Thor/click' is clicked on

2019-02-19 12:55:38 - [MESSAGE][PASSED] - Object: 'Object Repository/Employee_data_01/Page_Thor/click' is clicked on

2019-02-19 12:55:38 - [TEST_STEP][PASSED] - click: Object: 'Object Repository/Employee_data_01/Page_Thor/savce' is clicked on

2019-02-19 12:55:38 - [MESSAGE][PASSED] - Object: 'Object Repository/Employee_data_01/Page_Thor/savce' is clicked on

2019-02-19 12:55:38 - [TEST_STEP][PASSED] - setText: Text 'ADS' is set on object 'Object Repository/Employee_data_01/Page_Thor/input_Search_form-control inpu'

2019-02-19 12:55:38 - [MESSAGE][PASSED] - Text 'ADS' is set on object 'Object Repository/Employee_data_01/Page_Thor/input_Search_form-control inpu'

2019-02-19 12:55:38 - [TEST_STEP][PASSED] - delay: Delayed 5 second(s)

2019-02-19 12:55:43 - [MESSAGE][PASSED] - Delayed 5 second(s)

2019-02-19 12:55:43 - [TEST_STEP][PASSED] - click: Object: 'Object Repository/Employee_data_01/Page_Thor/button_New' is clicked on

2019-02-19 12:55:43 - [MESSAGE][PASSED] - Object: 'Object Repository/Employee_data_01/Page_Thor/button_New' is clicked on

2019-02-19 12:55:43 - [TEST_STEP][PASSED] - delay: Delayed 5 second(s)

2019-02-19 12:55:48 - [MESSAGE][PASSED] - Delayed 5 second(s)

2019-02-19 12:55:48 - [TEST_STEP][PASSED] - setText: Text 'Hary' is set on object 'Object Repository/Employee_data_01/Page_Thor/input__first_name'

2019-02-19 12:55:48 - [MESSAGE][PASSED] - Text 'Hary' is set on object 'Object Repository/Employee_data_01/Page_Thor/input__first_name'

2019-02-19 12:55:48 - [TEST_STEP][PASSED] - setText: Text 'H' is set on object 'Object Repository/Employee_data_01/Page_Thor/input__last_name'

2019-02-19 12:55:49 - [MESSAGE][PASSED] - Text 'H' is set on object 'Object Repository/Employee_data_01/Page_Thor/input__last_name'

2019-02-19 12:55:49 - [TEST_STEP][PASSED] - setText: Text 'DSA' is set on object 'Object Repository/Employee_data_01/Page_Thor/input__emp_code'

2019-02-19 12:55:49 - [MESSAGE][PASSED] - Text 'DSA' is set on object 'Object Repository/Employee_data_01/Page_Thor/input__emp_code'

2019-02-19 12:55:49 - [TEST_STEP][PASSED] - setText: Text 'Hary H' is set on object 'Object Repository/Employee_data_01/Page_Thor/input__user_name'

2019-02-19 12:55:49 - [MESSAGE][PASSED] - Text 'Hary H' is set on object 'Object Repository/Employee_data_01/Page_Thor/input__user_name'

2019-02-19 12:55:49 - [TEST_STEP][PASSED] - delay: Delayed 5 second(s)

2019-02-19 12:55:54 - [MESSAGE][PASSED] - Delayed 5 second(s)

2019-02-19 12:55:54 - [TEST_STEP][PASSED] - setEncryptedText: Text ****** has been set on object 'Object Repository/Employee_data_01/Page_Thor/input__password'

2019-02-19 12:55:54 - [MESSAGE][PASSED] - Text ****** has been set on object 'Object Repository/Employee_data_01/Page_Thor/input__password'

2019-02-19 12:55:54 - [TEST_STEP][PASSED] - selectOptionByValue: All options with value 'Resourcer' are selected in object 'Object Repository/Employee_data_01/Page_Thor/select_--- Please Select  ---'  using regular expression

2019-02-19 12:55:54 - [MESSAGE][PASSED] - All options with value 'Resourcer' are selected in object 'Object Repository/Employee_data_01/Page_Thor/select_--- Please Select  ---'  using regular expression

2019-02-19 12:55:54 - [TEST_STEP][PASSED] - selectOptionByValue: All options with value 'TC LTD' are selected in object 'Object Repository/Employee_data_01/Page_Thor/select_--- Please Select  --- _1'  using regular expression

2019-02-19 12:55:54 - [MESSAGE][PASSED] - All options with value 'TC LTD' are selected in object 'Object Repository/Employee_data_01/Page_Thor/select_--- Please Select  --- _1'  using regular expression

2019-02-19 12:55:54 - [TEST_STEP][PASSED] - click: Object: 'Object Repository/Employee_data_01/Page_Thor/span_All' is clicked on

2019-02-19 12:55:54 - [MESSAGE][PASSED] - Object: 'Object Repository/Employee_data_01/Page_Thor/span_All' is clicked on

2019-02-19 12:55:54 - [TEST_STEP][PASSED] - click: Object: 'Object Repository/Employee_data_01/Page_Thor/input' is clicked on

2019-02-19 12:55:55 - [MESSAGE][PASSED] - Object: 'Object Repository/Employee_data_01/Page_Thor/input' is clicked on

2019-02-19 12:55:55 - [TEST_STEP][PASSED] - click: Object: 'Object Repository/Employee_data_01/Page_Thor/click' is clicked on

2019-02-19 12:55:55 - [MESSAGE][PASSED] - Object: 'Object Repository/Employee_data_01/Page_Thor/click' is clicked on

2019-02-19 12:55:55 - [TEST_STEP][PASSED] - click: Object: 'Object Repository/Employee_data_01/Page_Thor/savce' is clicked on

2019-02-19 12:55:55 - [MESSAGE][PASSED] - Object: 'Object Repository/Employee_data_01/Page_Thor/savce' is clicked on

2019-02-19 12:55:55 - [TEST_STEP][PASSED] - setText: Text 'DSA' is set on object 'Object Repository/Employee_data_01/Page_Thor/input_Search_form-control inpu'

2019-02-19 12:55:55 - [MESSAGE][PASSED] - Text 'DSA' is set on object 'Object Repository/Employee_data_01/Page_Thor/input_Search_form-control inpu'

2019-02-19 12:55:55 - [TEST_STEP][PASSED] - delay: Delayed 5 second(s)

2019-02-19 12:56:00 - [MESSAGE][PASSED] - Delayed 5 second(s)]]></system-out>
         <system-err><![CDATA[]]></system-err>
      </testcase>
      <system-out><![CDATA[2019-02-19 12:54:45 - [TEST_SUITE][PASSED] - Employee_data_01: Test Cases/Configuration_info/Employee_data_01]]></system-out>
      <system-err><![CDATA[]]></system-err>
   </testsuite>
</testsuites>
