<?xml version="1.0" encoding="UTF-8"?>
<testsuites name="Employee_data_01" time="93" tests="2" failures="0" errors="0">
   <testsuite name="Employee_data_01" tests="2" failures="0" errors="0" time="93" timestamp="2019-02-19 15:24:37" hostname="sambhavi - sambhavi.jmangroup.com" id="Test Suites/Configuration_01/Employee_data_01">
      <properties>
         <property name="deviceName" value=""/>
         <property name="devicePlatform" value=""/>
         <property name="logFolder" value="C:\\Users\\sambhavi\\Katalon Studio\\Thor\\Reports\\Configuration_01\\Employee_data_01\\20190219_152435"/>
         <property name="logFiles" value="C:\\Users\\sambhavi\\Katalon Studio\\Thor\\Reports\\Configuration_01\\Employee_data_01\\20190219_152435\\execution0.log"/>
         <property name="attachments" value=""/>
         <property name="hostName" value="sambhavi - sambhavi.jmangroup.com"/>
         <property name="os" value="Windows 10 64bit"/>
         <property name="katalonVersion" value="5.8.4.14"/>
         <property name="browser" value="Chrome 72.0.3626.109"/>
         <property name="hostAddress" value="192.168.0.185"/>
         <property name="sessionId" value="f9cba6bc3d28a77680eb17f4ac31ccca"/>
         <property name="seleniumVersion" value="3.7.1"/>
         <property name="proxyInformation" value="ProxyInformation{proxyOption=NO_PROXY, proxyServerType=HTTP, password=, proxyServerAddress=, proxyServerPort=0}"/>
         <property name="platform" value="Windows 10"/>
      </properties>
      <testcase name="Test Cases/Login_page_info/Login_valid_info_1" classname="Test Cases/Login_page_info/Login_valid_info_1" status="PASSED">
         <system-out><![CDATA[2019-02-19 15:24:37 - [TEST_CASE][PASSED] - Test Cases/Login_page_info/Login_valid_info_1: Test Cases/Login_page_info/Login_valid_info_1

2019-02-19 15:24:38 - [TEST_STEP][PASSED] - comment: Login to Thor with Valid Credentials

2019-02-19 15:24:38 - [TEST_STEP][PASSED] - openBrowser: Browser is opened with url: ''

2019-02-19 15:24:46 - [MESSAGE][PASSED] - Browser is opened with url: ''

2019-02-19 15:24:46 - [TEST_STEP][PASSED] - navigateToUrl: Navigate to 'https://staging.mythortal.com/' successfully

2019-02-19 15:25:00 - [MESSAGE][PASSED] - Navigate to 'https://staging.mythortal.com/' successfully

2019-02-19 15:25:00 - [TEST_STEP][PASSED] - setText: Text 'nick' is set on object 'Object Repository/Login_page_info/Login_valid_info_1/Page_THORtal - Login/input_Login_username'

2019-02-19 15:25:00 - [MESSAGE][PASSED] - Text 'nick' is set on object 'Object Repository/Login_page_info/Login_valid_info_1/Page_THORtal - Login/input_Login_username'

2019-02-19 15:25:00 - [TEST_STEP][PASSED] - setEncryptedText: Text ****** has been set on object 'Object Repository/Login_page_info/Login_valid_info_1/Page_THORtal - Login/input_Login_password'

2019-02-19 15:25:01 - [MESSAGE][PASSED] - Text ****** has been set on object 'Object Repository/Login_page_info/Login_valid_info_1/Page_THORtal - Login/input_Login_password'

2019-02-19 15:25:01 - [TEST_STEP][PASSED] - click: Object: 'Object Repository/Login_page_info/Login_valid_info_1/Page_THORtal - Login/button_Login' is clicked on

2019-02-19 15:25:10 - [MESSAGE][PASSED] - Object: 'Object Repository/Login_page_info/Login_valid_info_1/Page_THORtal - Login/button_Login' is clicked on

2019-02-19 15:25:10 - [TEST_STEP][PASSED] - verifyElementPresent: Object 'Object Repository/Login_page_info/Login_valid_info_1/Page_THORtal - Login/dash' is present

2019-02-19 15:25:10 - [MESSAGE][WARNING] - Timeout '0' is invalid. Using default page load timeout: '30'

2019-02-19 15:25:10 - [MESSAGE][PASSED] - Object 'Object Repository/Login_page_info/Login_valid_info_1/Page_THORtal - Login/dash' is present]]></system-out>
         <system-err><![CDATA[]]></system-err>
      </testcase>
      <testcase name="Test Cases/Configuration_info/Employee_data_01" classname="Test Cases/Configuration_info/Employee_data_01" status="PASSED">
         <system-out><![CDATA[2019-02-19 15:25:10 - [TEST_CASE][PASSED] - Test Cases/Configuration_info/Employee_data_01: Test Cases/Configuration_info/Employee_data_01

2019-02-19 15:25:10 - [TEST_STEP][PASSED] - comment: Creating Employee data In configuration

2019-02-19 15:25:10 - [TEST_STEP][PASSED] - click: Object: 'Object Repository/Employee_data_01/Page_Thor/div_Configuration' is clicked on

2019-02-19 15:25:11 - [MESSAGE][PASSED] - Object: 'Object Repository/Employee_data_01/Page_Thor/div_Configuration' is clicked on

2019-02-19 15:25:11 - [TEST_STEP][PASSED] - delay: Delayed 5 second(s)

2019-02-19 15:25:16 - [MESSAGE][PASSED] - Delayed 5 second(s)

2019-02-19 15:25:16 - [TEST_STEP][PASSED] - Statement - For ([i = 1, i <= com.kms.katalon.core.testdata.TestDataFactory.findTestData(Configuration_Info/employee_data_01).getRowNumbers(), (i++)]): Delayed 5 second(s)

2019-02-19 15:25:17 - [TEST_STEP][PASSED] - click: Object: 'Object Repository/Employee_data_01/Page_Thor/button_New' is clicked on

2019-02-19 15:25:17 - [MESSAGE][PASSED] - Object: 'Object Repository/Employee_data_01/Page_Thor/button_New' is clicked on

2019-02-19 15:25:17 - [TEST_STEP][PASSED] - delay: Delayed 5 second(s)

2019-02-19 15:25:22 - [MESSAGE][PASSED] - Delayed 5 second(s)

2019-02-19 15:25:22 - [TEST_STEP][PASSED] - setText: Text 'A12' is set on object 'Object Repository/Employee_data_01/Page_Thor/input__first_name'

2019-02-19 15:25:22 - [MESSAGE][PASSED] - Text 'A12' is set on object 'Object Repository/Employee_data_01/Page_Thor/input__first_name'

2019-02-19 15:25:22 - [TEST_STEP][PASSED] - setText: Text 'A12' is set on object 'Object Repository/Employee_data_01/Page_Thor/input__last_name'

2019-02-19 15:25:22 - [MESSAGE][PASSED] - Text 'A12' is set on object 'Object Repository/Employee_data_01/Page_Thor/input__last_name'

2019-02-19 15:25:22 - [TEST_STEP][PASSED] - setText: Text 'Aaj' is set on object 'Object Repository/Employee_data_01/Page_Thor/input__emp_code'

2019-02-19 15:25:22 - [MESSAGE][PASSED] - Text 'Aaj' is set on object 'Object Repository/Employee_data_01/Page_Thor/input__emp_code'

2019-02-19 15:25:22 - [TEST_STEP][PASSED] - setText: Text 'Aa1' is set on object 'Object Repository/Employee_data_01/Page_Thor/input__user_name'

2019-02-19 15:25:22 - [MESSAGE][PASSED] - Text 'Aa1' is set on object 'Object Repository/Employee_data_01/Page_Thor/input__user_name'

2019-02-19 15:25:22 - [TEST_STEP][PASSED] - delay: Delayed 5 second(s)

2019-02-19 15:25:27 - [MESSAGE][PASSED] - Delayed 5 second(s)

2019-02-19 15:25:27 - [TEST_STEP][PASSED] - setEncryptedText: Text ****** has been set on object 'Object Repository/Employee_data_01/Page_Thor/input__password'

2019-02-19 15:25:27 - [MESSAGE][PASSED] - Text ****** has been set on object 'Object Repository/Employee_data_01/Page_Thor/input__password'

2019-02-19 15:25:27 - [TEST_STEP][PASSED] - selectOptionByValue: All options with value 'Admin' are selected in object 'Object Repository/Employee_data_01/Page_Thor/select_--- Please Select  ---'  using regular expression

2019-02-19 15:25:28 - [MESSAGE][PASSED] - All options with value 'Admin' are selected in object 'Object Repository/Employee_data_01/Page_Thor/select_--- Please Select  ---'  using regular expression

2019-02-19 15:25:28 - [TEST_STEP][PASSED] - selectOptionByValue: All options with value 'TC LTD' are selected in object 'Object Repository/Employee_data_01/Page_Thor/select_--- Please Select  --- _1'  using regular expression

2019-02-19 15:25:28 - [MESSAGE][PASSED] - All options with value 'TC LTD' are selected in object 'Object Repository/Employee_data_01/Page_Thor/select_--- Please Select  --- _1'  using regular expression

2019-02-19 15:25:28 - [TEST_STEP][PASSED] - click: Object: 'Object Repository/Employee_data_01/Page_Thor/span_All' is clicked on

2019-02-19 15:25:28 - [MESSAGE][PASSED] - Object: 'Object Repository/Employee_data_01/Page_Thor/span_All' is clicked on

2019-02-19 15:25:28 - [TEST_STEP][PASSED] - click: Object: 'Object Repository/Employee_data_01/Page_Thor/input' is clicked on

2019-02-19 15:25:28 - [MESSAGE][PASSED] - Object: 'Object Repository/Employee_data_01/Page_Thor/input' is clicked on

2019-02-19 15:25:28 - [TEST_STEP][PASSED] - click: Object: 'Object Repository/Employee_data_01/Page_Thor/click' is clicked on

2019-02-19 15:25:29 - [MESSAGE][PASSED] - Object: 'Object Repository/Employee_data_01/Page_Thor/click' is clicked on

2019-02-19 15:25:29 - [TEST_STEP][PASSED] - click: Object: 'Object Repository/Employee_data_01/Page_Thor/savce' is clicked on

2019-02-19 15:25:29 - [MESSAGE][PASSED] - Object: 'Object Repository/Employee_data_01/Page_Thor/savce' is clicked on

2019-02-19 15:25:29 - [TEST_STEP][PASSED] - setText: Text 'Aaj' is set on object 'Object Repository/Employee_data_01/Page_Thor/input_Search_form-control inpu'

2019-02-19 15:25:30 - [MESSAGE][PASSED] - Text 'Aaj' is set on object 'Object Repository/Employee_data_01/Page_Thor/input_Search_form-control inpu'

2019-02-19 15:25:30 - [TEST_STEP][PASSED] - delay: Delayed 5 second(s)

2019-02-19 15:25:35 - [MESSAGE][PASSED] - Delayed 5 second(s)

2019-02-19 15:25:35 - [TEST_STEP][PASSED] - click: Object: 'Object Repository/Employee_data_01/Page_Thor/button_New' is clicked on

2019-02-19 15:25:35 - [MESSAGE][PASSED] - Object: 'Object Repository/Employee_data_01/Page_Thor/button_New' is clicked on

2019-02-19 15:25:35 - [TEST_STEP][PASSED] - delay: Delayed 5 second(s)

2019-02-19 15:25:40 - [MESSAGE][PASSED] - Delayed 5 second(s)

2019-02-19 15:25:40 - [TEST_STEP][PASSED] - setText: Text 'B12' is set on object 'Object Repository/Employee_data_01/Page_Thor/input__first_name'

2019-02-19 15:25:41 - [MESSAGE][PASSED] - Text 'B12' is set on object 'Object Repository/Employee_data_01/Page_Thor/input__first_name'

2019-02-19 15:25:41 - [TEST_STEP][PASSED] - setText: Text 'B12' is set on object 'Object Repository/Employee_data_01/Page_Thor/input__last_name'

2019-02-19 15:25:41 - [MESSAGE][PASSED] - Text 'B12' is set on object 'Object Repository/Employee_data_01/Page_Thor/input__last_name'

2019-02-19 15:25:41 - [TEST_STEP][PASSED] - setText: Text 'BBh' is set on object 'Object Repository/Employee_data_01/Page_Thor/input__emp_code'

2019-02-19 15:25:41 - [MESSAGE][PASSED] - Text 'BBh' is set on object 'Object Repository/Employee_data_01/Page_Thor/input__emp_code'

2019-02-19 15:25:41 - [TEST_STEP][PASSED] - setText: Text 'BB1' is set on object 'Object Repository/Employee_data_01/Page_Thor/input__user_name'

2019-02-19 15:25:41 - [MESSAGE][PASSED] - Text 'BB1' is set on object 'Object Repository/Employee_data_01/Page_Thor/input__user_name'

2019-02-19 15:25:41 - [TEST_STEP][PASSED] - delay: Delayed 5 second(s)

2019-02-19 15:25:46 - [MESSAGE][PASSED] - Delayed 5 second(s)

2019-02-19 15:25:46 - [TEST_STEP][PASSED] - setEncryptedText: Text ****** has been set on object 'Object Repository/Employee_data_01/Page_Thor/input__password'

2019-02-19 15:25:46 - [MESSAGE][PASSED] - Text ****** has been set on object 'Object Repository/Employee_data_01/Page_Thor/input__password'

2019-02-19 15:25:46 - [TEST_STEP][PASSED] - selectOptionByValue: All options with value 'Resourcer' are selected in object 'Object Repository/Employee_data_01/Page_Thor/select_--- Please Select  ---'  using regular expression

2019-02-19 15:25:46 - [MESSAGE][PASSED] - All options with value 'Resourcer' are selected in object 'Object Repository/Employee_data_01/Page_Thor/select_--- Please Select  ---'  using regular expression

2019-02-19 15:25:46 - [TEST_STEP][PASSED] - selectOptionByValue: All options with value 'TLS Ltd' are selected in object 'Object Repository/Employee_data_01/Page_Thor/select_--- Please Select  --- _1'  using regular expression

2019-02-19 15:25:47 - [MESSAGE][PASSED] - All options with value 'TLS Ltd' are selected in object 'Object Repository/Employee_data_01/Page_Thor/select_--- Please Select  --- _1'  using regular expression

2019-02-19 15:25:47 - [TEST_STEP][PASSED] - click: Object: 'Object Repository/Employee_data_01/Page_Thor/span_All' is clicked on

2019-02-19 15:25:47 - [MESSAGE][PASSED] - Object: 'Object Repository/Employee_data_01/Page_Thor/span_All' is clicked on

2019-02-19 15:25:47 - [TEST_STEP][PASSED] - click: Object: 'Object Repository/Employee_data_01/Page_Thor/input' is clicked on

2019-02-19 15:25:47 - [MESSAGE][PASSED] - Object: 'Object Repository/Employee_data_01/Page_Thor/input' is clicked on

2019-02-19 15:25:47 - [TEST_STEP][PASSED] - click: Object: 'Object Repository/Employee_data_01/Page_Thor/click' is clicked on

2019-02-19 15:25:47 - [MESSAGE][PASSED] - Object: 'Object Repository/Employee_data_01/Page_Thor/click' is clicked on

2019-02-19 15:25:47 - [TEST_STEP][PASSED] - click: Object: 'Object Repository/Employee_data_01/Page_Thor/savce' is clicked on

2019-02-19 15:25:47 - [MESSAGE][PASSED] - Object: 'Object Repository/Employee_data_01/Page_Thor/savce' is clicked on

2019-02-19 15:25:47 - [TEST_STEP][PASSED] - setText: Text 'BBh' is set on object 'Object Repository/Employee_data_01/Page_Thor/input_Search_form-control inpu'

2019-02-19 15:25:47 - [MESSAGE][PASSED] - Text 'BBh' is set on object 'Object Repository/Employee_data_01/Page_Thor/input_Search_form-control inpu'

2019-02-19 15:25:47 - [TEST_STEP][PASSED] - delay: Delayed 5 second(s)

2019-02-19 15:25:52 - [MESSAGE][PASSED] - Delayed 5 second(s)

2019-02-19 15:25:52 - [TEST_STEP][PASSED] - click: Object: 'Object Repository/Employee_data_01/Page_Thor/button_New' is clicked on

2019-02-19 15:25:52 - [MESSAGE][PASSED] - Object: 'Object Repository/Employee_data_01/Page_Thor/button_New' is clicked on

2019-02-19 15:25:52 - [TEST_STEP][PASSED] - delay: Delayed 5 second(s)

2019-02-19 15:25:57 - [MESSAGE][PASSED] - Delayed 5 second(s)

2019-02-19 15:25:57 - [TEST_STEP][PASSED] - setText: Text 'C12' is set on object 'Object Repository/Employee_data_01/Page_Thor/input__first_name'

2019-02-19 15:25:58 - [MESSAGE][PASSED] - Text 'C12' is set on object 'Object Repository/Employee_data_01/Page_Thor/input__first_name'

2019-02-19 15:25:58 - [TEST_STEP][PASSED] - setText: Text 'C12' is set on object 'Object Repository/Employee_data_01/Page_Thor/input__last_name'

2019-02-19 15:25:58 - [MESSAGE][PASSED] - Text 'C12' is set on object 'Object Repository/Employee_data_01/Page_Thor/input__last_name'

2019-02-19 15:25:58 - [TEST_STEP][PASSED] - setText: Text 'CCc' is set on object 'Object Repository/Employee_data_01/Page_Thor/input__emp_code'

2019-02-19 15:25:58 - [MESSAGE][PASSED] - Text 'CCc' is set on object 'Object Repository/Employee_data_01/Page_Thor/input__emp_code'

2019-02-19 15:25:58 - [TEST_STEP][PASSED] - setText: Text 'CC1' is set on object 'Object Repository/Employee_data_01/Page_Thor/input__user_name'

2019-02-19 15:25:58 - [MESSAGE][PASSED] - Text 'CC1' is set on object 'Object Repository/Employee_data_01/Page_Thor/input__user_name'

2019-02-19 15:25:58 - [TEST_STEP][PASSED] - delay: Delayed 5 second(s)

2019-02-19 15:26:03 - [MESSAGE][PASSED] - Delayed 5 second(s)

2019-02-19 15:26:03 - [TEST_STEP][PASSED] - setEncryptedText: Text ****** has been set on object 'Object Repository/Employee_data_01/Page_Thor/input__password'

2019-02-19 15:26:03 - [MESSAGE][PASSED] - Text ****** has been set on object 'Object Repository/Employee_data_01/Page_Thor/input__password'

2019-02-19 15:26:03 - [TEST_STEP][PASSED] - selectOptionByValue: All options with value 'Associate' are selected in object 'Object Repository/Employee_data_01/Page_Thor/select_--- Please Select  ---'  using regular expression

2019-02-19 15:26:03 - [MESSAGE][PASSED] - All options with value 'Associate' are selected in object 'Object Repository/Employee_data_01/Page_Thor/select_--- Please Select  ---'  using regular expression

2019-02-19 15:26:03 - [TEST_STEP][PASSED] - selectOptionByValue: All options with value 'TC Inc' are selected in object 'Object Repository/Employee_data_01/Page_Thor/select_--- Please Select  --- _1'  using regular expression

2019-02-19 15:26:04 - [MESSAGE][PASSED] - All options with value 'TC Inc' are selected in object 'Object Repository/Employee_data_01/Page_Thor/select_--- Please Select  --- _1'  using regular expression

2019-02-19 15:26:04 - [TEST_STEP][PASSED] - click: Object: 'Object Repository/Employee_data_01/Page_Thor/span_All' is clicked on

2019-02-19 15:26:04 - [MESSAGE][PASSED] - Object: 'Object Repository/Employee_data_01/Page_Thor/span_All' is clicked on

2019-02-19 15:26:04 - [TEST_STEP][PASSED] - click: Object: 'Object Repository/Employee_data_01/Page_Thor/input' is clicked on

2019-02-19 15:26:04 - [MESSAGE][PASSED] - Object: 'Object Repository/Employee_data_01/Page_Thor/input' is clicked on

2019-02-19 15:26:04 - [TEST_STEP][PASSED] - click: Object: 'Object Repository/Employee_data_01/Page_Thor/click' is clicked on

2019-02-19 15:26:04 - [MESSAGE][PASSED] - Object: 'Object Repository/Employee_data_01/Page_Thor/click' is clicked on

2019-02-19 15:26:04 - [TEST_STEP][PASSED] - click: Object: 'Object Repository/Employee_data_01/Page_Thor/savce' is clicked on

2019-02-19 15:26:04 - [MESSAGE][PASSED] - Object: 'Object Repository/Employee_data_01/Page_Thor/savce' is clicked on

2019-02-19 15:26:04 - [TEST_STEP][PASSED] - setText: Text 'CCc' is set on object 'Object Repository/Employee_data_01/Page_Thor/input_Search_form-control inpu'

2019-02-19 15:26:04 - [MESSAGE][PASSED] - Text 'CCc' is set on object 'Object Repository/Employee_data_01/Page_Thor/input_Search_form-control inpu'

2019-02-19 15:26:04 - [TEST_STEP][PASSED] - delay: Delayed 5 second(s)

2019-02-19 15:26:09 - [MESSAGE][PASSED] - Delayed 5 second(s)]]></system-out>
         <system-err><![CDATA[]]></system-err>
      </testcase>
      <system-out><![CDATA[2019-02-19 15:24:37 - [TEST_SUITE][PASSED] - Employee_data_01: Test Cases/Configuration_info/Employee_data_01]]></system-out>
      <system-err><![CDATA[]]></system-err>
   </testsuite>
</testsuites>
